<?xml version="1.0" encoding="UTF-8"?>
<testng-results ignored="0" total="3" passed="3" failed="0" skipped="0">
  <reporter-output>
  </reporter-output>
  <suite started-at="2022-08-02T11:54:56 IST" name="Suite" finished-at="2022-08-02T11:55:31 IST" duration-ms="34148">
    <groups>
    </groups>
    <test started-at="2022-08-02T11:54:56 IST" name="Test" finished-at="2022-08-02T11:55:31 IST" duration-ms="34148">
      <class name="Scripts.Tc1">
        <test-method signature="OpenApp()[pri:0, instance:Scripts.Tc1@6bedbc4d]" started-at="2022-08-02T11:55:14 IST" name="OpenApp" finished-at="2022-08-02T11:55:25 IST" duration-ms="11860" status="PASS">
          <reporter-output>
          </reporter-output>
        </test-method> <!-- OpenApp -->
      </class> <!-- Scripts.Tc1 -->
      <class name="Scripts.Tc2">
        <test-method signature="OpenApp()[pri:0, instance:Scripts.Tc2@932bc4a]" started-at="2022-08-02T11:55:25 IST" name="OpenApp" finished-at="2022-08-02T11:55:31 IST" duration-ms="5074" status="PASS">
          <reporter-output>
          </reporter-output>
        </test-method> <!-- OpenApp -->
      </class> <!-- Scripts.Tc2 -->
      <class name="Scripts.Tc3">
        <test-method signature="OpenApp()[pri:0, instance:Scripts.Tc3@cad498c]" started-at="2022-08-02T11:54:56 IST" name="OpenApp" finished-at="2022-08-02T11:55:14 IST" duration-ms="17180" status="PASS">
          <reporter-output>
          </reporter-output>
        </test-method> <!-- OpenApp -->
      </class> <!-- Scripts.Tc3 -->
    </test> <!-- Test -->
  </suite> <!-- Suite -->
</testng-results>
